0 verbose cli C:\Program Files\nodejs\node.exe C:\Program Files\nodejs\node_modules\npm\bin\npm-cli.js
1 info using npm@11.16.0
2 info using node@v24.18.0
3 silly config load:file:C:\Program Files\nodejs\node_modules\npm\npmrc
4 silly config load:file:C:\Users\admin\Desktop\VibeCodingClass\Day3_RPA\frontend\.npmrc
5 silly config load:file:C:\Users\admin\.npmrc
6 silly config load:file:C:\Users\admin\AppData\Roaming\npm\etc\npmrc
7 verbose title npm install vite typescript @vitejs/plugin-react @types/react @types/react-dom
8 verbose argv "install" "--save-dev" "vite" "typescript" "@vitejs/plugin-react" "@types/react" "@types/react-dom" "--cache" ".npm-cache" "--prefer-online"
9 verbose logfile logs-max:10 dir:C:\Users\admin\Desktop\VibeCodingClass\Day3_RPA\frontend\.npm-cache\_logs\2026-07-01T02_40_50_435Z-
10 verbose logfile C:\Users\admin\Desktop\VibeCodingClass\Day3_RPA\frontend\.npm-cache\_logs\2026-07-01T02_40_50_435Z-debug-0.log
11 silly logfile done cleaning log files
12 silly packumentCache heap:4496293888 maxSize:1124073472 maxEntrySize:562036736
13 silly idealTree buildDeps
14 silly fetch manifest vite@*
15 silly packumentCache full:https://registry.npmjs.org/vite cache-miss
16 http fetch GET 200 https://registry.npmjs.org/vite 1325ms (cache miss)
17 silly packumentCache full:https://registry.npmjs.org/vite set size:undefined disposed:false
18 silly fetch manifest @types/node@^20.19.0 || >=22.12.0
19 silly packumentCache full:https://registry.npmjs.org/@types%2fnode cache-miss
20 http fetch GET 200 https://registry.npmjs.org/@types%2fnode 675ms (cache miss)
21 silly packumentCache full:https://registry.npmjs.org/@types%2fnode set size:undefined disposed:false
22 silly fetch manifest @vitejs/devtools@^0.3.0
23 silly packumentCache full:https://registry.npmjs.org/@vitejs%2fdevtools cache-miss
24 http fetch GET 200 https://registry.npmjs.org/@vitejs%2fdevtools 80ms (cache miss)
25 silly packumentCache full:https://registry.npmjs.org/@vitejs%2fdevtools set size:undefined disposed:false
26 silly fetch manifest esbuild@^0.27.0 || ^0.28.0
27 silly packumentCache full:https://registry.npmjs.org/esbuild cache-miss
28 http fetch GET 200 https://registry.npmjs.org/esbuild 168ms (cache miss)
29 silly packumentCache full:https://registry.npmjs.org/esbuild set size:undefined disposed:false
30 silly fetch manifest jiti@>=1.21.0
31 silly packumentCache full:https://registry.npmjs.org/jiti cache-miss
32 http fetch GET 200 https://registry.npmjs.org/jiti 88ms (cache miss)
33 silly packumentCache full:https://registry.npmjs.org/jiti set size:undefined disposed:false
34 silly fetch manifest less@^4.0.0
35 silly packumentCache full:https://registry.npmjs.org/less cache-miss
36 http fetch GET 200 https://registry.npmjs.org/less 146ms (cache miss)
37 silly packumentCache full:https://registry.npmjs.org/less set size:undefined disposed:false
38 silly fetch manifest sass@^1.70.0
39 silly packumentCache full:https://registry.npmjs.org/sass cache-miss
40 http fetch GET 200 https://registry.npmjs.org/sass 251ms (cache miss)
41 silly packumentCache full:https://registry.npmjs.org/sass set size:undefined disposed:false
42 silly fetch manifest sass-embedded@^1.70.0
43 silly packumentCache full:https://registry.npmjs.org/sass-embedded cache-miss
44 http fetch GET 200 https://registry.npmjs.org/sass-embedded 102ms (cache miss)
45 silly packumentCache full:https://registry.npmjs.org/sass-embedded set size:undefined disposed:false
46 silly fetch manifest stylus@>=0.54.8
47 silly packumentCache full:https://registry.npmjs.org/stylus cache-miss
48 http fetch GET 200 https://registry.npmjs.org/stylus 425ms (cache miss)
49 silly packumentCache full:https://registry.npmjs.org/stylus set size:undefined disposed:false
50 silly fetch manifest sugarss@^5.0.0
51 silly packumentCache full:https://registry.npmjs.org/sugarss cache-miss
52 http fetch GET 200 https://registry.npmjs.org/sugarss 82ms (cache miss)
53 silly packumentCache full:https://registry.npmjs.org/sugarss set size:undefined disposed:false
54 silly fetch manifest postcss@^8.3.3
55 silly packumentCache full:https://registry.npmjs.org/postcss cache-miss
56 http fetch GET 200 https://registry.npmjs.org/postcss 431ms (cache miss)
57 silly packumentCache full:https://registry.npmjs.org/postcss set size:undefined disposed:false
58 silly fetch manifest terser@^5.16.0
59 silly packumentCache full:https://registry.npmjs.org/terser cache-miss
60 http fetch GET 200 https://registry.npmjs.org/terser 293ms (cache miss)
61 silly packumentCache full:https://registry.npmjs.org/terser set size:undefined disposed:false
62 silly fetch manifest tsx@^4.8.1
63 silly packumentCache full:https://registry.npmjs.org/tsx cache-miss
64 http fetch GET 200 https://registry.npmjs.org/tsx 128ms (cache miss)
65 silly packumentCache full:https://registry.npmjs.org/tsx set size:undefined disposed:false
66 silly fetch manifest yaml@^2.4.2
67 silly packumentCache full:https://registry.npmjs.org/yaml cache-miss
68 http fetch GET 200 https://registry.npmjs.org/yaml 146ms (cache miss)
69 silly packumentCache full:https://registry.npmjs.org/yaml set size:undefined disposed:false
70 silly fetch manifest typescript@*
71 silly packumentCache full:https://registry.npmjs.org/typescript cache-miss
72 http fetch GET 200 https://registry.npmjs.org/typescript 2475ms (cache miss)
73 silly packumentCache full:https://registry.npmjs.org/typescript set size:undefined disposed:false
74 silly fetch manifest @vitejs/plugin-react@*
75 silly packumentCache full:https://registry.npmjs.org/@vitejs%2fplugin-react cache-miss
76 http fetch GET 200 https://registry.npmjs.org/@vitejs%2fplugin-react 80ms (cache miss)
77 silly packumentCache full:https://registry.npmjs.org/@vitejs%2fplugin-react set size:undefined disposed:false
78 silly fetch manifest @rolldown/plugin-babel@^0.1.7 || ^0.2.0
79 silly packumentCache full:https://registry.npmjs.org/@rolldown%2fplugin-babel cache-miss
80 http fetch GET 200 https://registry.npmjs.org/@rolldown%2fplugin-babel 51ms (cache miss)
81 silly packumentCache full:https://registry.npmjs.org/@rolldown%2fplugin-babel set size:undefined disposed:false
82 silly fetch manifest @babel/core@^7.29.0 || ^8.0.0-rc.1
83 silly packumentCache full:https://registry.npmjs.org/@babel%2fcore cache-miss
84 http fetch GET 200 https://registry.npmjs.org/@babel%2fcore 142ms (cache miss)
85 silly packumentCache full:https://registry.npmjs.org/@babel%2fcore set size:undefined disposed:false
86 silly fetch manifest @babel/plugin-transform-runtime@^7.29.0 || ^8.0.0-rc.1
87 silly packumentCache full:https://registry.npmjs.org/@babel%2fplugin-transform-runtime cache-miss
88 http fetch GET 200 https://registry.npmjs.org/@babel%2fplugin-transform-runtime 123ms (cache miss)
89 silly packumentCache full:https://registry.npmjs.org/@babel%2fplugin-transform-runtime set size:undefined disposed:false
90 silly fetch manifest @babel/runtime@^7.27.0 || ^8.0.0-rc.1
91 silly packumentCache full:https://registry.npmjs.org/@babel%2fruntime cache-miss
92 http fetch GET 200 https://registry.npmjs.org/@babel%2fruntime 272ms (cache miss)
93 silly packumentCache full:https://registry.npmjs.org/@babel%2fruntime set size:undefined disposed:false
94 silly fetch manifest rolldown@^1.0.0-rc.5
95 silly packumentCache full:https://registry.npmjs.org/rolldown cache-miss
96 http fetch GET 200 https://registry.npmjs.org/rolldown 398ms (cache miss)
97 silly packumentCache full:https://registry.npmjs.org/rolldown set size:undefined disposed:false
98 silly fetch manifest babel-plugin-react-compiler@^1.0.0
99 silly packumentCache full:https://registry.npmjs.org/babel-plugin-react-compiler cache-miss
100 http fetch GET 200 https://registry.npmjs.org/babel-plugin-react-compiler 140ms (cache miss)
101 silly packumentCache full:https://registry.npmjs.org/babel-plugin-react-compiler set size:undefined disposed:false
102 silly fetch manifest @types/react@*
103 silly packumentCache full:https://registry.npmjs.org/@types%2freact cache-miss
104 http fetch GET 200 https://registry.npmjs.org/@types%2freact 277ms (cache miss)
105 silly packumentCache full:https://registry.npmjs.org/@types%2freact set size:undefined disposed:false
106 silly fetch manifest @types/react-dom@*
107 silly packumentCache full:https://registry.npmjs.org/@types%2freact-dom cache-miss
108 http fetch GET 200 https://registry.npmjs.org/@types%2freact-dom 90ms (cache miss)
109 silly packumentCache full:https://registry.npmjs.org/@types%2freact-dom set size:undefined disposed:false
110 silly placeDep ROOT @types/react@19.2.17 OK for: frontend@1.0.0 want: *
111 silly placeDep ROOT @types/react-dom@19.2.3 OK for: frontend@1.0.0 want: *
112 silly placeDep ROOT @vitejs/plugin-react@6.0.3 OK for: frontend@1.0.0 want: *
113 silly placeDep ROOT vite@8.1.2 OK for: @vitejs/plugin-react@6.0.3 want: ^8.0.0
114 silly placeDep ROOT typescript@6.0.3 OK for: frontend@1.0.0 want: *
115 silly placeDep ROOT vite@8.1.2 REPLACE for: frontend@1.0.0 want: *
116 silly fetch manifest csstype@^3.2.2
117 silly packumentCache full:https://registry.npmjs.org/csstype cache-miss
118 silly fetch manifest @rolldown/pluginutils@^1.0.1
119 silly packumentCache full:https://registry.npmjs.org/@rolldown%2fpluginutils cache-miss
120 silly fetch manifest lightningcss@^1.32.0
121 silly packumentCache full:https://registry.npmjs.org/lightningcss cache-miss
122 silly fetch manifest picomatch@^4.0.4
123 silly packumentCache full:https://registry.npmjs.org/picomatch cache-miss
124 silly fetch manifest postcss@^8.5.16
125 silly packumentCache full:https://registry.npmjs.org/postcss cache-miss
126 http fetch GET 200 https://registry.npmjs.org/csstype 54ms (cache miss)
127 silly packumentCache full:https://registry.npmjs.org/csstype set size:undefined disposed:false
128 silly fetch manifest rolldown@~1.1.3
129 silly packumentCache full:https://registry.npmjs.org/rolldown cache-miss
130 http fetch GET 200 https://registry.npmjs.org/lightningcss 64ms (cache miss)
131 silly packumentCache full:https://registry.npmjs.org/lightningcss set size:undefined disposed:false
132 silly fetch manifest tinyglobby@^0.2.17
133 silly packumentCache full:https://registry.npmjs.org/tinyglobby cache-miss
134 http fetch GET 200 https://registry.npmjs.org/postcss 74ms (cache revalidated)
135 silly packumentCache full:https://registry.npmjs.org/postcss set size:726591 disposed:false
136 silly fetch manifest fsevents@~2.3.3
137 silly packumentCache full:https://registry.npmjs.org/fsevents cache-miss
138 http fetch GET 200 https://registry.npmjs.org/picomatch 86ms (cache miss)
139 silly packumentCache full:https://registry.npmjs.org/picomatch set size:undefined disposed:false
140 silly fetch manifest rolldown@~1.1.3
141 silly packumentCache full:https://registry.npmjs.org/rolldown cache-miss
142 http fetch GET 200 https://registry.npmjs.org/rolldown 52ms (cache revalidated)
143 silly packumentCache full:https://registry.npmjs.org/rolldown set size:3743598 disposed:false
144 silly fetch manifest tinyglobby@^0.2.17
145 silly packumentCache full:https://registry.npmjs.org/tinyglobby cache-miss
146 http fetch GET 200 https://registry.npmjs.org/@rolldown%2fpluginutils 138ms (cache miss)
147 silly packumentCache full:https://registry.npmjs.org/@rolldown%2fpluginutils set size:undefined disposed:false
148 silly fetch manifest fsevents@~2.3.3
149 silly packumentCache full:https://registry.npmjs.org/fsevents cache-miss
150 http fetch GET 200 https://registry.npmjs.org/tinyglobby 76ms (cache miss)
151 silly packumentCache full:https://registry.npmjs.org/tinyglobby set size:undefined disposed:false
152 http fetch GET 200 https://registry.npmjs.org/fsevents 74ms (cache miss)
153 silly packumentCache full:https://registry.npmjs.org/fsevents set size:undefined disposed:false
154 http fetch GET 200 https://registry.npmjs.org/rolldown 88ms (cache revalidated)
155 silly packumentCache full:https://registry.npmjs.org/rolldown set size:3743598 disposed:false
156 http fetch GET 200 https://registry.npmjs.org/tinyglobby 100ms (cache miss)
157 silly packumentCache full:https://registry.npmjs.org/tinyglobby set size:undefined disposed:false
158 http fetch GET 200 https://registry.npmjs.org/fsevents 139ms (cache miss)
159 silly packumentCache full:https://registry.npmjs.org/fsevents set size:undefined disposed:false
160 silly placeDep ROOT csstype@3.2.3 OK for: @types/react@19.2.17 want: ^3.2.2
161 silly placeDep ROOT @rolldown/pluginutils@1.0.1 OK for: @vitejs/plugin-react@6.0.3 want: ^1.0.1
162 silly placeDep ROOT fsevents@2.3.3 OK for: vite@8.1.2 want: ~2.3.3
163 silly placeDep ROOT lightningcss@1.32.0 OK for: vite@8.1.2 want: ^1.32.0
164 silly placeDep ROOT picomatch@4.0.4 OK for: vite@8.1.2 want: ^4.0.4
165 silly placeDep ROOT postcss@8.5.16 OK for: vite@8.1.2 want: ^8.5.16
166 silly placeDep ROOT rolldown@1.1.3 OK for: vite@8.1.2 want: ~1.1.3
167 silly placeDep ROOT tinyglobby@0.2.17 OK for: vite@8.1.2 want: ^0.2.17
168 silly fetch manifest detect-libc@^2.0.3
169 silly packumentCache full:https://registry.npmjs.org/detect-libc cache-miss
170 silly fetch manifest lightningcss-darwin-x64@1.32.0
171 silly packumentCache full:https://registry.npmjs.org/lightningcss-darwin-x64 cache-miss
172 silly fetch manifest lightningcss-linux-x64-gnu@1.32.0
173 silly packumentCache full:https://registry.npmjs.org/lightningcss-linux-x64-gnu cache-miss
174 silly fetch manifest lightningcss-win32-x64-msvc@1.32.0
175 silly packumentCache full:https://registry.npmjs.org/lightningcss-win32-x64-msvc cache-miss
176 silly fetch manifest lightningcss-win32-arm64-msvc@1.32.0
177 silly packumentCache full:https://registry.npmjs.org/lightningcss-win32-arm64-msvc cache-miss
178 http fetch GET 200 https://registry.npmjs.org/lightningcss-darwin-x64 81ms (cache miss)
179 silly packumentCache full:https://registry.npmjs.org/lightningcss-darwin-x64 set size:undefined disposed:false
180 silly fetch manifest lightningcss-darwin-arm64@1.32.0
181 silly packumentCache full:https://registry.npmjs.org/lightningcss-darwin-arm64 cache-miss
182 http fetch GET 200 https://registry.npmjs.org/lightningcss-win32-x64-msvc 92ms (cache miss)
183 silly packumentCache full:https://registry.npmjs.org/lightningcss-win32-x64-msvc set size:undefined disposed:false
184 silly fetch manifest lightningcss-linux-arm64-gnu@1.32.0
185 silly packumentCache full:https://registry.npmjs.org/lightningcss-linux-arm64-gnu cache-miss
186 http fetch GET 200 https://registry.npmjs.org/lightningcss-win32-arm64-msvc 93ms (cache miss)
187 silly packumentCache full:https://registry.npmjs.org/lightningcss-win32-arm64-msvc set size:undefined disposed:false
188 silly fetch manifest lightningcss-linux-arm-gnueabihf@1.32.0
189 silly packumentCache full:https://registry.npmjs.org/lightningcss-linux-arm-gnueabihf cache-miss
190 http fetch GET 200 https://registry.npmjs.org/detect-libc 96ms (cache miss)
191 silly packumentCache full:https://registry.npmjs.org/detect-libc set size:undefined disposed:false
192 silly fetch manifest lightningcss-linux-arm64-musl@1.32.0
193 silly packumentCache full:https://registry.npmjs.org/lightningcss-linux-arm64-musl cache-miss
194 http fetch GET 200 https://registry.npmjs.org/lightningcss-linux-x64-gnu 146ms (cache miss)
195 silly packumentCache full:https://registry.npmjs.org/lightningcss-linux-x64-gnu set size:undefined disposed:false
196 silly fetch manifest lightningcss-linux-x64-musl@1.32.0
197 silly packumentCache full:https://registry.npmjs.org/lightningcss-linux-x64-musl cache-miss
198 http fetch GET 200 https://registry.npmjs.org/lightningcss-darwin-arm64 83ms (cache miss)
199 silly packumentCache full:https://registry.npmjs.org/lightningcss-darwin-arm64 set size:undefined disposed:false
200 silly fetch manifest lightningcss-freebsd-x64@1.32.0
201 silly packumentCache full:https://registry.npmjs.org/lightningcss-freebsd-x64 cache-miss
202 http fetch GET 200 https://registry.npmjs.org/lightningcss-linux-arm64-gnu 90ms (cache miss)
203 silly packumentCache full:https://registry.npmjs.org/lightningcss-linux-arm64-gnu set size:undefined disposed:false
204 silly fetch manifest lightningcss-android-arm64@1.32.0
205 silly packumentCache full:https://registry.npmjs.org/lightningcss-android-arm64 cache-miss
206 http fetch GET 200 https://registry.npmjs.org/lightningcss-linux-arm-gnueabihf 91ms (cache miss)
207 silly packumentCache full:https://registry.npmjs.org/lightningcss-linux-arm-gnueabihf set size:undefined disposed:false
208 silly fetch manifest nanoid@^3.3.12
209 silly packumentCache full:https://registry.npmjs.org/nanoid cache-miss
210 http fetch GET 200 https://registry.npmjs.org/lightningcss-linux-x64-musl 75ms (cache miss)
211 silly packumentCache full:https://registry.npmjs.org/lightningcss-linux-x64-musl set size:undefined disposed:false
212 silly fetch manifest picocolors@^1.1.1
213 silly packumentCache full:https://registry.npmjs.org/picocolors cache-miss
214 http fetch GET 200 https://registry.npmjs.org/lightningcss-freebsd-x64 71ms (cache miss)
215 silly packumentCache full:https://registry.npmjs.org/lightningcss-freebsd-x64 set size:undefined disposed:false
216 silly fetch manifest source-map-js@^1.2.1
217 silly packumentCache full:https://registry.npmjs.org/source-map-js cache-miss
218 http fetch GET 200 https://registry.npmjs.org/lightningcss-linux-arm64-musl 147ms (cache miss)
219 silly packumentCache full:https://registry.npmjs.org/lightningcss-linux-arm64-musl set size:undefined disposed:false
220 silly fetch manifest @oxc-project/types@=0.137.0
221 silly packumentCache full:https://registry.npmjs.org/@oxc-project%2ftypes cache-miss
222 http fetch GET 200 https://registry.npmjs.org/lightningcss-android-arm64 67ms (cache miss)
223 silly packumentCache full:https://registry.npmjs.org/lightningcss-android-arm64 set size:undefined disposed:false
224 silly fetch manifest @rolldown/binding-darwin-x64@1.1.3
225 silly packumentCache full:https://registry.npmjs.org/@rolldown%2fbinding-darwin-x64 cache-miss
226 http fetch GET 200 https://registry.npmjs.org/nanoid 75ms (cache miss)
227 silly packumentCache full:https://registry.npmjs.org/nanoid set size:undefined disposed:false
228 silly fetch manifest @rolldown/binding-win32-x64-msvc@1.1.3
229 silly packumentCache full:https://registry.npmjs.org/@rolldown%2fbinding-win32-x64-msvc cache-miss
230 http fetch GET 200 https://registry.npmjs.org/picocolors 77ms (cache miss)
231 silly packumentCache full:https://registry.npmjs.org/picocolors set size:undefined disposed:false
232 silly fetch manifest @rolldown/binding-linux-x64-gnu@1.1.3
233 silly packumentCache full:https://registry.npmjs.org/@rolldown%2fbinding-linux-x64-gnu cache-miss
234 http fetch GET 200 https://registry.npmjs.org/source-map-js 68ms (cache miss)
235 silly packumentCache full:https://registry.npmjs.org/source-map-js set size:undefined disposed:false
236 silly fetch manifest @rolldown/binding-linux-x64-musl@1.1.3
237 silly packumentCache full:https://registry.npmjs.org/@rolldown%2fbinding-linux-x64-musl cache-miss
238 http fetch GET 200 https://registry.npmjs.org/@oxc-project%2ftypes 111ms (cache miss)
239 silly packumentCache full:https://registry.npmjs.org/@oxc-project%2ftypes set size:undefined disposed:false
240 silly fetch manifest @rolldown/binding-freebsd-x64@1.1.3
241 silly packumentCache full:https://registry.npmjs.org/@rolldown%2fbinding-freebsd-x64 cache-miss
242 http fetch GET 200 https://registry.npmjs.org/@rolldown%2fbinding-linux-x64-gnu 242ms (cache miss)
243 silly packumentCache full:https://registry.npmjs.org/@rolldown%2fbinding-linux-x64-gnu set size:undefined disposed:false
244 silly fetch manifest @rolldown/binding-linux-arm-gnueabihf@1.1.3
245 silly packumentCache full:https://registry.npmjs.org/@rolldown%2fbinding-linux-arm-gnueabihf cache-miss
246 http fetch GET 200 https://registry.npmjs.org/@rolldown%2fbinding-darwin-x64 305ms (cache miss)
247 silly packumentCache full:https://registry.npmjs.org/@rolldown%2fbinding-darwin-x64 set size:undefined disposed:false
248 silly fetch manifest @rolldown/binding-linux-arm64-gnu@1.1.3
249 silly packumentCache full:https://registry.npmjs.org/@rolldown%2fbinding-linux-arm64-gnu cache-miss
250 http fetch GET 200 https://registry.npmjs.org/@rolldown%2fbinding-freebsd-x64 249ms (cache miss)
251 silly packumentCache full:https://registry.npmjs.org/@rolldown%2fbinding-freebsd-x64 set size:undefined disposed:false
252 silly fetch manifest @rolldown/binding-darwin-arm64@1.1.3
253 silly packumentCache full:https://registry.npmjs.org/@rolldown%2fbinding-darwin-arm64 cache-miss
254 http fetch GET 200 https://registry.npmjs.org/@rolldown%2fbinding-win32-x64-msvc 356ms (cache miss)
255 silly packumentCache full:https://registry.npmjs.org/@rolldown%2fbinding-win32-x64-msvc set size:undefined disposed:false
256 silly fetch manifest @rolldown/binding-linux-arm64-musl@1.1.3
257 silly packumentCache full:https://registry.npmjs.org/@rolldown%2fbinding-linux-arm64-musl cache-miss
258 http fetch GET 200 https://registry.npmjs.org/@rolldown%2fbinding-linux-x64-musl 322ms (cache miss)
259 silly packumentCache full:https://registry.npmjs.org/@rolldown%2fbinding-linux-x64-musl set size:undefined disposed:false
260 silly fetch manifest @rolldown/binding-openharmony-arm64@1.1.3
261 silly packumentCache full:https://registry.npmjs.org/@rolldown%2fbinding-openharmony-arm64 cache-miss
262 http fetch GET 200 https://registry.npmjs.org/@rolldown%2fbinding-linux-arm64-gnu 92ms (cache miss)
263 silly packumentCache full:https://registry.npmjs.org/@rolldown%2fbinding-linux-arm64-gnu set size:undefined disposed:false
264 silly fetch manifest @rolldown/binding-win32-arm64-msvc@1.1.3
265 silly packumentCache full:https://registry.npmjs.org/@rolldown%2fbinding-win32-arm64-msvc cache-miss
266 http fetch GET 200 https://registry.npmjs.org/@rolldown%2fbinding-linux-arm-gnueabihf 115ms (cache miss)
267 silly packumentCache full:https://registry.npmjs.org/@rolldown%2fbinding-linux-arm-gnueabihf set size:undefined disposed:false
268 silly fetch manifest @rolldown/binding-android-arm64@1.1.3
269 silly packumentCache full:https://registry.npmjs.org/@rolldown%2fbinding-android-arm64 cache-miss
270 http fetch GET 200 https://registry.npmjs.org/@rolldown%2fbinding-openharmony-arm64 52ms (cache miss)
271 silly packumentCache full:https://registry.npmjs.org/@rolldown%2fbinding-openharmony-arm64 set size:undefined disposed:false
272 silly fetch manifest @rolldown/binding-wasm32-wasi@1.1.3
273 silly packumentCache full:https://registry.npmjs.org/@rolldown%2fbinding-wasm32-wasi cache-miss
274 http fetch GET 200 https://registry.npmjs.org/@rolldown%2fbinding-win32-arm64-msvc 86ms (cache miss)
275 silly packumentCache full:https://registry.npmjs.org/@rolldown%2fbinding-win32-arm64-msvc set size:undefined disposed:false
276 silly fetch manifest @rolldown/binding-linux-s390x-gnu@1.1.3
277 silly packumentCache full:https://registry.npmjs.org/@rolldown%2fbinding-linux-s390x-gnu cache-miss
278 http fetch GET 200 https://registry.npmjs.org/@rolldown%2fbinding-android-arm64 92ms (cache miss)
279 silly packumentCache full:https://registry.npmjs.org/@rolldown%2fbinding-android-arm64 set size:undefined disposed:false
280 silly fetch manifest @rolldown/binding-linux-ppc64-gnu@1.1.3
281 silly packumentCache full:https://registry.npmjs.org/@rolldown%2fbinding-linux-ppc64-gnu cache-miss
282 http fetch GET 200 https://registry.npmjs.org/@rolldown%2fbinding-darwin-arm64 179ms (cache miss)
283 silly packumentCache full:https://registry.npmjs.org/@rolldown%2fbinding-darwin-arm64 set size:undefined disposed:false
284 silly fetch manifest fdir@^6.5.0
285 silly packumentCache full:https://registry.npmjs.org/fdir cache-miss
286 http fetch GET 200 https://registry.npmjs.org/@rolldown%2fbinding-wasm32-wasi 108ms (cache miss)
287 silly packumentCache full:https://registry.npmjs.org/@rolldown%2fbinding-wasm32-wasi set size:undefined disposed:false
288 http fetch GET 200 https://registry.npmjs.org/@rolldown%2fbinding-linux-s390x-gnu 68ms (cache miss)
289 silly packumentCache full:https://registry.npmjs.org/@rolldown%2fbinding-linux-s390x-gnu set size:undefined disposed:false
290 http fetch GET 200 https://registry.npmjs.org/@rolldown%2fbinding-linux-ppc64-gnu 89ms (cache miss)
291 silly packumentCache full:https://registry.npmjs.org/@rolldown%2fbinding-linux-ppc64-gnu set size:undefined disposed:false
292 http fetch GET 200 https://registry.npmjs.org/fdir 68ms (cache miss)
293 silly packumentCache full:https://registry.npmjs.org/fdir set size:undefined disposed:false
294 http fetch GET 200 https://registry.npmjs.org/@rolldown%2fbinding-linux-arm64-musl 376ms (cache miss)
295 silly packumentCache full:https://registry.npmjs.org/@rolldown%2fbinding-linux-arm64-musl set size:undefined disposed:false
296 silly placeDep ROOT detect-libc@2.1.2 OK for: lightningcss@1.32.0 want: ^2.0.3
297 silly placeDep ROOT lightningcss-android-arm64@1.32.0 OK for: lightningcss@1.32.0 want: 1.32.0
298 silly placeDep ROOT lightningcss-darwin-arm64@1.32.0 OK for: lightningcss@1.32.0 want: 1.32.0
299 silly placeDep ROOT lightningcss-darwin-x64@1.32.0 OK for: lightningcss@1.32.0 want: 1.32.0
300 silly placeDep ROOT lightningcss-freebsd-x64@1.32.0 OK for: lightningcss@1.32.0 want: 1.32.0
301 silly placeDep ROOT lightningcss-linux-arm-gnueabihf@1.32.0 OK for: lightningcss@1.32.0 want: 1.32.0
302 silly placeDep ROOT lightningcss-linux-arm64-gnu@1.32.0 OK for: lightningcss@1.32.0 want: 1.32.0
303 silly placeDep ROOT lightningcss-linux-arm64-musl@1.32.0 OK for: lightningcss@1.32.0 want: 1.32.0
304 silly placeDep ROOT lightningcss-linux-x64-gnu@1.32.0 OK for: lightningcss@1.32.0 want: 1.32.0
305 silly placeDep ROOT lightningcss-linux-x64-musl@1.32.0 OK for: lightningcss@1.32.0 want: 1.32.0
306 silly placeDep ROOT lightningcss-win32-arm64-msvc@1.32.0 OK for: lightningcss@1.32.0 want: 1.32.0
307 silly placeDep ROOT lightningcss-win32-x64-msvc@1.32.0 OK for: lightningcss@1.32.0 want: 1.32.0
308 silly placeDep ROOT nanoid@3.3.15 OK for: postcss@8.5.16 want: ^3.3.12
309 silly placeDep ROOT picocolors@1.1.1 OK for: postcss@8.5.16 want: ^1.1.1
310 silly placeDep ROOT source-map-js@1.2.1 OK for: postcss@8.5.16 want: ^1.2.1
311 silly placeDep ROOT @oxc-project/types@0.137.0 OK for: rolldown@1.1.3 want: =0.137.0
312 silly placeDep ROOT @rolldown/binding-android-arm64@1.1.3 OK for: rolldown@1.1.3 want: 1.1.3
313 silly placeDep ROOT @rolldown/binding-darwin-arm64@1.1.3 OK for: rolldown@1.1.3 want: 1.1.3
314 silly placeDep ROOT @rolldown/binding-darwin-x64@1.1.3 OK for: rolldown@1.1.3 want: 1.1.3
315 silly placeDep ROOT @rolldown/binding-freebsd-x64@1.1.3 OK for: rolldown@1.1.3 want: 1.1.3
316 silly placeDep ROOT @rolldown/binding-linux-arm-gnueabihf@1.1.3 OK for: rolldown@1.1.3 want: 1.1.3
317 silly placeDep ROOT @rolldown/binding-linux-arm64-gnu@1.1.3 OK for: rolldown@1.1.3 want: 1.1.3
318 silly placeDep ROOT @rolldown/binding-linux-arm64-musl@1.1.3 OK for: rolldown@1.1.3 want: 1.1.3
319 silly placeDep ROOT @rolldown/binding-linux-ppc64-gnu@1.1.3 OK for: rolldown@1.1.3 want: 1.1.3
320 silly placeDep ROOT @rolldown/binding-linux-s390x-gnu@1.1.3 OK for: rolldown@1.1.3 want: 1.1.3
321 silly placeDep ROOT @rolldown/binding-linux-x64-gnu@1.1.3 OK for: rolldown@1.1.3 want: 1.1.3
322 silly placeDep ROOT @rolldown/binding-linux-x64-musl@1.1.3 OK for: rolldown@1.1.3 want: 1.1.3
323 silly placeDep ROOT @rolldown/binding-openharmony-arm64@1.1.3 OK for: rolldown@1.1.3 want: 1.1.3
324 silly placeDep ROOT @rolldown/binding-wasm32-wasi@1.1.3 OK for: rolldown@1.1.3 want: 1.1.3
325 silly placeDep ROOT @rolldown/binding-win32-arm64-msvc@1.1.3 OK for: rolldown@1.1.3 want: 1.1.3
326 silly placeDep ROOT @rolldown/binding-win32-x64-msvc@1.1.3 OK for: rolldown@1.1.3 want: 1.1.3
327 silly fetch manifest @napi-rs/wasm-runtime@^1.1.6
328 silly packumentCache full:https://registry.npmjs.org/@napi-rs%2fwasm-runtime cache-miss
329 silly fetch manifest @emnapi/core@1.11.1
330 silly packumentCache full:https://registry.npmjs.org/@emnapi%2fcore cache-miss
331 silly fetch manifest @emnapi/runtime@1.11.1
332 silly packumentCache full:https://registry.npmjs.org/@emnapi%2fruntime cache-miss
333 http fetch GET 200 https://registry.npmjs.org/@napi-rs%2fwasm-runtime 103ms (cache miss)
334 silly packumentCache full:https://registry.npmjs.org/@napi-rs%2fwasm-runtime set size:undefined disposed:false
335 http fetch GET 200 https://registry.npmjs.org/@emnapi%2fcore 106ms (cache miss)
336 silly packumentCache full:https://registry.npmjs.org/@emnapi%2fcore set size:undefined disposed:false
337 http fetch GET 200 https://registry.npmjs.org/@emnapi%2fruntime 114ms (cache miss)
338 silly packumentCache full:https://registry.npmjs.org/@emnapi%2fruntime set size:undefined disposed:false
339 silly placeDep ROOT @emnapi/core@1.11.1 OK for: @rolldown/binding-wasm32-wasi@1.1.3 want: 1.11.1
340 silly placeDep ROOT @emnapi/runtime@1.11.1 OK for: @rolldown/binding-wasm32-wasi@1.1.3 want: 1.11.1
341 silly placeDep ROOT @napi-rs/wasm-runtime@1.1.6 OK for: @rolldown/binding-wasm32-wasi@1.1.3 want: ^1.1.6
342 silly fetch manifest @emnapi/wasi-threads@1.2.2
343 silly packumentCache full:https://registry.npmjs.org/@emnapi%2fwasi-threads cache-miss
344 silly fetch manifest tslib@^2.4.0
345 silly packumentCache full:https://registry.npmjs.org/tslib cache-miss
346 silly fetch manifest tslib@^2.4.0
347 silly packumentCache full:https://registry.npmjs.org/tslib cache-miss
348 silly fetch manifest @tybys/wasm-util@^0.10.3
349 silly packumentCache full:https://registry.npmjs.org/@tybys%2fwasm-util cache-miss
350 http fetch GET 200 https://registry.npmjs.org/@emnapi%2fwasi-threads 104ms (cache miss)
351 silly packumentCache full:https://registry.npmjs.org/@emnapi%2fwasi-threads set size:undefined disposed:false
352 http fetch GET 200 https://registry.npmjs.org/tslib 216ms (cache miss)
353 silly packumentCache full:https://registry.npmjs.org/tslib set size:undefined disposed:false
354 http fetch GET 200 https://registry.npmjs.org/tslib 361ms (cache miss)
355 silly packumentCache full:https://registry.npmjs.org/tslib set size:undefined disposed:false
356 http fetch GET 200 https://registry.npmjs.org/@tybys%2fwasm-util 822ms (cache miss)
357 silly packumentCache full:https://registry.npmjs.org/@tybys%2fwasm-util set size:undefined disposed:false
358 silly placeDep ROOT @emnapi/wasi-threads@1.2.2 OK for: @emnapi/core@1.11.1 want: 1.2.2
359 silly placeDep ROOT tslib@2.8.1 OK for: @emnapi/core@1.11.1 want: ^2.4.0
360 silly placeDep ROOT @tybys/wasm-util@0.10.3 OK for: @napi-rs/wasm-runtime@1.1.6 want: ^0.10.3
361 silly placeDep ROOT fdir@6.5.0 OK for: tinyglobby@0.2.17 want: ^6.5.0
362 silly reify moves {}
363 silly audit bulk request {
363 silly audit   react: [ '19.2.7' ],
363 silly audit   'react-dom': [ '19.2.7' ],
363 silly audit   scheduler: [ '0.27.0' ],
363 silly audit   '@types/react': [ '19.2.17' ],
363 silly audit   '@types/react-dom': [ '19.2.3' ],
363 silly audit   '@vitejs/plugin-react': [ '6.0.3' ],
363 silly audit   typescript: [ '6.0.3' ],
363 silly audit   vite: [ '8.1.2' ],
363 silly audit   csstype: [ '3.2.3' ],
363 silly audit   '@rolldown/pluginutils': [ '1.0.1' ],
363 silly audit   fsevents: [ '2.3.3' ],
363 silly audit   lightningcss: [ '1.32.0' ],
363 silly audit   picomatch: [ '4.0.4' ],
363 silly audit   postcss: [ '8.5.16' ],
363 silly audit   rolldown: [ '1.1.3' ],
363 silly audit   tinyglobby: [ '0.2.17' ],
363 silly audit   'detect-libc': [ '2.1.2' ],
363 silly audit   'lightningcss-android-arm64': [ '1.32.0' ],
363 silly audit   'lightningcss-darwin-arm64': [ '1.32.0' ],
363 silly audit   'lightningcss-darwin-x64': [ '1.32.0' ],
363 silly audit   'lightningcss-freebsd-x64': [ '1.32.0' ],
363 silly audit   'lightningcss-linux-arm-gnueabihf': [ '1.32.0' ],
363 silly audit   'lightningcss-linux-arm64-gnu': [ '1.32.0' ],
363 silly audit   'lightningcss-linux-arm64-musl': [ '1.32.0' ],
363 silly audit   'lightningcss-linux-x64-gnu': [ '1.32.0' ],
363 silly audit   'lightningcss-linux-x64-musl': [ '1.32.0' ],
363 silly audit   'lightningcss-win32-arm64-msvc': [ '1.32.0' ],
363 silly audit   'lightningcss-win32-x64-msvc': [ '1.32.0' ],
363 silly audit   nanoid: [ '3.3.15' ],
363 silly audit   picocolors: [ '1.1.1' ],
363 silly audit   'source-map-js': [ '1.2.1' ],
363 silly audit   '@oxc-project/types': [ '0.137.0' ],
363 silly audit   '@rolldown/binding-android-arm64': [ '1.1.3' ],
363 silly audit   '@rolldown/binding-darwin-arm64': [ '1.1.3' ],
363 silly audit   '@rolldown/binding-darwin-x64': [ '1.1.3' ],
363 silly audit   '@rolldown/binding-freebsd-x64': [ '1.1.3' ],
363 silly audit   '@rolldown/binding-linux-arm-gnueabihf': [ '1.1.3' ],
363 silly audit   '@rolldown/binding-linux-arm64-gnu': [ '1.1.3' ],
363 silly audit   '@rolldown/binding-linux-arm64-musl': [ '1.1.3' ],
363 silly audit   '@rolldown/binding-linux-ppc64-gnu': [ '1.1.3' ],
363 silly audit   '@rolldown/binding-linux-s390x-gnu': [ '1.1.3' ],
363 silly audit   '@rolldown/binding-linux-x64-gnu': [ '1.1.3' ],
363 silly audit   '@rolldown/binding-linux-x64-musl': [ '1.1.3' ],
363 silly audit   '@rolldown/binding-openharmony-arm64': [ '1.1.3' ],
363 silly audit   '@rolldown/binding-wasm32-wasi': [ '1.1.3' ],
363 silly audit   '@rolldown/binding-win32-arm64-msvc': [ '1.1.3' ],
363 silly audit   '@rolldown/binding-win32-x64-msvc': [ '1.1.3' ],
363 silly audit   '@emnapi/core': [ '1.11.1' ],
363 silly audit   '@emnapi/runtime': [ '1.11.1' ],
363 silly audit   '@napi-rs/wasm-runtime': [ '1.1.6' ],
363 silly audit   '@emnapi/wasi-threads': [ '1.2.2' ],
363 silly audit   tslib: [ '2.8.1' ],
363 silly audit   '@tybys/wasm-util': [ '0.10.3' ],
363 silly audit   fdir: [ '6.5.0' ]
363 silly audit }
364 http fetch GET 200 https://registry.npmjs.org/picocolors/-/picocolors-1.1.1.tgz 75ms (cache miss)
365 http fetch GET 200 https://registry.npmjs.org/fdir/-/fdir-6.5.0.tgz 92ms (cache miss)
366 http fetch GET 200 https://registry.npmjs.org/@oxc-project/types/-/types-0.137.0.tgz 94ms (cache miss)
367 http fetch GET 200 https://registry.npmjs.org/csstype/-/csstype-3.2.3.tgz 137ms (cache miss)
368 http fetch GET 200 https://registry.npmjs.org/tinyglobby/-/tinyglobby-0.2.17.tgz 197ms (cache miss)
369 http fetch GET 200 https://registry.npmjs.org/@vitejs/plugin-react/-/plugin-react-6.0.3.tgz 196ms (cache miss)
370 http fetch GET 200 https://registry.npmjs.org/detect-libc/-/detect-libc-2.1.2.tgz 202ms (cache miss)
371 http fetch GET 200 https://registry.npmjs.org/source-map-js/-/source-map-js-1.2.1.tgz 207ms (cache miss)
372 http fetch POST 200 https://registry.npmjs.org/-/npm/v1/security/advisories/bulk 224ms
373 silly audit report {}
374 http fetch GET 200 https://registry.npmjs.org/nanoid/-/nanoid-3.3.15.tgz 223ms (cache miss)
375 http fetch GET 200 https://registry.npmjs.org/@rolldown/pluginutils/-/pluginutils-1.0.1.tgz 250ms (cache miss)
376 http fetch GET 200 https://registry.npmjs.org/lightningcss/-/lightningcss-1.32.0.tgz 255ms (cache miss)
377 http fetch GET 200 https://registry.npmjs.org/@types/react-dom/-/react-dom-19.2.3.tgz 265ms (cache miss)
378 http fetch GET 200 https://registry.npmjs.org/@types/react/-/react-19.2.17.tgz 302ms (cache miss)
379 http fetch GET 200 https://registry.npmjs.org/vite/-/vite-8.1.2.tgz 338ms (cache miss)
380 http fetch GET 200 https://registry.npmjs.org/postcss/-/postcss-8.5.16.tgz 364ms (cache miss)
381 http fetch GET 200 https://registry.npmjs.org/rolldown/-/rolldown-1.1.3.tgz 371ms (cache miss)
382 http fetch GET 200 https://registry.npmjs.org/picomatch/-/picomatch-4.0.4.tgz 397ms (cache miss)
383 http fetch GET 200 https://registry.npmjs.org/lightningcss-win32-x64-msvc/-/lightningcss-win32-x64-msvc-1.32.0.tgz 1136ms (cache miss)
384 http fetch GET 200 https://registry.npmjs.org/@rolldown/binding-win32-x64-msvc/-/binding-win32-x64-msvc-1.1.3.tgz 8562ms (cache miss)
385 http fetch GET 200 https://registry.npmjs.org/typescript/-/typescript-6.0.3.tgz 10910ms (cache miss)
386 silly ADD node_modules/fdir
387 silly ADD node_modules/@rolldown/binding-win32-x64-msvc
388 silly ADD node_modules/@oxc-project/types
389 silly ADD node_modules/source-map-js
390 silly ADD node_modules/picocolors
391 silly ADD node_modules/nanoid
392 silly ADD node_modules/lightningcss-win32-x64-msvc
393 silly ADD node_modules/detect-libc
394 silly ADD node_modules/tinyglobby
395 silly ADD node_modules/rolldown
396 silly ADD node_modules/postcss
397 silly ADD node_modules/picomatch
398 silly ADD node_modules/lightningcss
399 silly ADD node_modules/@rolldown/pluginutils
400 silly ADD node_modules/csstype
401 silly ADD node_modules/vite
402 silly ADD node_modules/typescript
403 silly ADD node_modules/@vitejs/plugin-react
404 silly ADD node_modules/@types/react-dom
405 silly ADD node_modules/@types/react
406 verbose cwd C:\Users\admin\Desktop\VibeCodingClass\Day3_RPA\frontend
407 verbose os Windows_NT 10.0.19045
408 verbose node v24.18.0
409 verbose npm  v11.16.0
410 verbose exit 0
411 info ok
